2016-05-22 15:39:37,682 - Log4JLogChute initialized using file 'velocity.log'
2016-05-22 15:39:37,683 - Initializing Velocity, Calling init()...
2016-05-22 15:39:37,683 - Starting Apache Velocity v1.7 (compiled: 2010-11-19 12:14:37)
2016-05-22 15:39:37,683 - Default Properties File: org\apache\velocity\runtime\defaults\velocity.properties
2016-05-22 15:39:37,683 - Trying to use logger class org.apache.velocity.runtime.log.AvalonLogChute
2016-05-22 15:39:37,683 - Target log system for org.apache.velocity.runtime.log.AvalonLogChute is not available (java.lang.NoClassDefFoundError: org/apache/log/format/Formatter).  Falling back to next log system...
2016-05-22 15:39:37,683 - Trying to use logger class org.apache.velocity.runtime.log.Log4JLogChute
2016-05-22 15:39:37,683 - Using logger class org.apache.velocity.runtime.log.Log4JLogChute
2016-05-22 15:39:37,686 - ResourceLoader instantiated: org.apache.velocity.runtime.resource.loader.ClasspathResourceLoader
2016-05-22 15:39:37,706 - ResourceCache: initialized (class org.apache.velocity.runtime.resource.ResourceCacheImpl) with class java.util.Collections$SynchronizedMap cache map.
2016-05-22 15:39:37,708 - Loaded System Directive: org.apache.velocity.runtime.directive.Stop
2016-05-22 15:39:37,709 - Loaded System Directive: org.apache.velocity.runtime.directive.Define
2016-05-22 15:39:37,711 - Loaded System Directive: org.apache.velocity.runtime.directive.Break
2016-05-22 15:39:37,712 - Loaded System Directive: org.apache.velocity.runtime.directive.Evaluate
2016-05-22 15:39:37,713 - Loaded System Directive: org.apache.velocity.runtime.directive.Literal
2016-05-22 15:39:37,714 - Loaded System Directive: org.apache.velocity.runtime.directive.Macro
2016-05-22 15:39:37,717 - Loaded System Directive: org.apache.velocity.runtime.directive.Parse
2016-05-22 15:39:37,720 - Loaded System Directive: org.apache.velocity.runtime.directive.Include
2016-05-22 15:39:37,721 - Loaded System Directive: org.apache.velocity.runtime.directive.Foreach
2016-05-22 15:39:37,756 - Created '20' parsers.
2016-05-22 15:39:37,764 - Velocimacro : "velocimacro.library" is not set.  Trying default library: VM_global_library.vm
2016-05-22 15:39:37,764 - Could not load resource 'VM_global_library.vm' from ResourceLoader org.apache.velocity.runtime.resource.loader.ClasspathResourceLoader: ClasspathResourceLoader Error: cannot find resource VM_global_library.vm
2016-05-22 15:39:37,764 - Velocimacro : Default library not found.
2016-05-22 15:39:37,764 - Velocimacro : allowInline = true : VMs can be defined inline in templates
2016-05-22 15:39:37,764 - Velocimacro : allowInlineToOverride = false : VMs defined inline may NOT replace previous VM definitions
2016-05-22 15:39:37,765 - Velocimacro : allowInlineLocal = false : VMs defined inline will be global in scope if allowed.
2016-05-22 15:39:37,765 - Velocimacro : autoload off : VM system will not automatically reload global library macros
2016-05-22 15:39:37,784 - ResourceManager : found template/emailTemplate.vm with loader org.apache.velocity.runtime.resource.loader.ClasspathResourceLoader
2016-05-22 15:40:25,193 - Log4JLogChute initialized using file 'velocity.log'
2016-05-22 15:40:25,194 - Initializing Velocity, Calling init()...
2016-05-22 15:40:25,194 - Starting Apache Velocity v1.7 (compiled: 2010-11-19 12:14:37)
2016-05-22 15:40:25,194 - Default Properties File: org\apache\velocity\runtime\defaults\velocity.properties
2016-05-22 15:40:25,194 - Trying to use logger class org.apache.velocity.runtime.log.AvalonLogChute
2016-05-22 15:40:25,195 - Target log system for org.apache.velocity.runtime.log.AvalonLogChute is not available (java.lang.NoClassDefFoundError: org/apache/log/format/Formatter).  Falling back to next log system...
2016-05-22 15:40:25,195 - Trying to use logger class org.apache.velocity.runtime.log.Log4JLogChute
2016-05-22 15:40:25,195 - Using logger class org.apache.velocity.runtime.log.Log4JLogChute
2016-05-22 15:40:25,198 - ResourceLoader instantiated: org.apache.velocity.runtime.resource.loader.ClasspathResourceLoader
2016-05-22 15:40:25,221 - ResourceCache: initialized (class org.apache.velocity.runtime.resource.ResourceCacheImpl) with class java.util.Collections$SynchronizedMap cache map.
2016-05-22 15:40:25,223 - Loaded System Directive: org.apache.velocity.runtime.directive.Stop
2016-05-22 15:40:25,225 - Loaded System Directive: org.apache.velocity.runtime.directive.Define
2016-05-22 15:40:25,226 - Loaded System Directive: org.apache.velocity.runtime.directive.Break
2016-05-22 15:40:25,229 - Loaded System Directive: org.apache.velocity.runtime.directive.Evaluate
2016-05-22 15:40:25,230 - Loaded System Directive: org.apache.velocity.runtime.directive.Literal
2016-05-22 15:40:25,233 - Loaded System Directive: org.apache.velocity.runtime.directive.Macro
2016-05-22 15:40:25,235 - Loaded System Directive: org.apache.velocity.runtime.directive.Parse
2016-05-22 15:40:25,242 - Loaded System Directive: org.apache.velocity.runtime.directive.Include
2016-05-22 15:40:25,244 - Loaded System Directive: org.apache.velocity.runtime.directive.Foreach
2016-05-22 15:40:25,292 - Created '20' parsers.
2016-05-22 15:40:25,299 - Velocimacro : "velocimacro.library" is not set.  Trying default library: VM_global_library.vm
2016-05-22 15:40:25,300 - Could not load resource 'VM_global_library.vm' from ResourceLoader org.apache.velocity.runtime.resource.loader.ClasspathResourceLoader: ClasspathResourceLoader Error: cannot find resource VM_global_library.vm
2016-05-22 15:40:25,300 - Velocimacro : Default library not found.
2016-05-22 15:40:25,300 - Velocimacro : allowInline = true : VMs can be defined inline in templates
2016-05-22 15:40:25,300 - Velocimacro : allowInlineToOverride = false : VMs defined inline may NOT replace previous VM definitions
2016-05-22 15:40:25,300 - Velocimacro : allowInlineLocal = false : VMs defined inline will be global in scope if allowed.
2016-05-22 15:40:25,300 - Velocimacro : autoload off : VM system will not automatically reload global library macros
2016-05-22 15:40:25,353 - ResourceManager : found template/emailTemplate.vm with loader org.apache.velocity.runtime.resource.loader.ClasspathResourceLoader
